<?xml version="1.0" encoding="UTF-8"?>
<!-- Generated by org.testng.reporters.JUnitReportReporter -->
<testsuite hostname="DESKTOP-J1CGGHU" failures="0" tests="1" name="FreeCRMTest" time="9.172" errors="0" timestamp="2021-03-07T14:56:11 IST" skipped="0">
  <testcase classname="FreeCRMTest" name="verifyFreeCRMTitleTest" time="9.172"/>
  <system-out/>
</testsuite> <!-- FreeCRMTest -->
